Determining if the pthread_create exist failed with the following output:
Change Dir: /home/wenjing/ros/my_planner_rviz/src/uav_simulator/build/CMakeFiles/CMakeTmp

Run Build Command:"/usr/bin/ninja" "cmTC_94e4d"
[1/2] Building C object CMakeFiles/cmTC_94e4d.dir/CheckSymbolExists.c.o
[2/2] Linking C executable cmTC_94e4d
FAILED: cmTC_94e4d 
: && /usr/bin/cc   -rdynamic CMakeFiles/cmTC_94e4d.dir/CheckSymbolExists.c.o  -o cmTC_94e4d   && :
CMakeFiles/cmTC_94e4d.dir/CheckSymbolExists.c.o：在函数‘main’中：
CheckSymbolExists.c:(.text+0x1b)：对‘pthread_create’未定义的引用
collect2: error: ld returned 1 exit status
ninja: build stopped: subcommand failed.

File /home/wenjing/ros/my_planner_rviz/src/uav_simulator/build/CMakeFiles/CMakeTmp/CheckSymbolExists.c:
/* */
#include <pthread.h>

int main(int argc, char** argv)
{
  (void)argv;
#ifndef pthread_create
  return ((int*)(&pthread_create))[argc];
#else
  (void)argc;
  return 0;
#endif
}

Determining if the function pthread_create exists in the pthreads failed with the following output:
Change Dir: /home/wenjing/ros/my_planner_rviz/src/uav_simulator/build/CMakeFiles/CMakeTmp

Run Build Command:"/usr/bin/ninja" "cmTC_19440"
[1/2] Building C object CMakeFiles/cmTC_19440.dir/CheckFunctionExists.c.o
[2/2] Linking C executable cmTC_19440
FAILED: cmTC_19440 
: && /usr/bin/cc -DCHECK_FUNCTION_EXISTS=pthread_create  -rdynamic CMakeFiles/cmTC_19440.dir/CheckFunctionExists.c.o  -o cmTC_19440  -lpthreads && :
/usr/bin/ld: 找不到 -lpthreads
collect2: error: ld returned 1 exit status
ninja: build stopped: subcommand failed.


Determining if the pthread_create exist failed with the following output:
Change Dir: /home/wenjing/ros/my_planner_rviz/src/uav_simulator/build/CMakeFiles/CMakeTmp

Run Build Command:"/usr/bin/ninja" "cmTC_1177d"
[1/2] Building C object CMakeFiles/cmTC_1177d.dir/CheckSymbolExists.c.o
[2/2] Linking C executable cmTC_1177d
FAILED: cmTC_1177d 
: && /usr/bin/cc   -rdynamic CMakeFiles/cmTC_1177d.dir/CheckSymbolExists.c.o  -o cmTC_1177d   && :
CMakeFiles/cmTC_1177d.dir/CheckSymbolExists.c.o：在函数‘main’中：
CheckSymbolExists.c:(.text+0x1b)：对‘pthread_create’未定义的引用
collect2: error: ld returned 1 exit status
ninja: build stopped: subcommand failed.

File /home/wenjing/ros/my_planner_rviz/src/uav_simulator/build/CMakeFiles/CMakeTmp/CheckSymbolExists.c:
/* */
#include <pthread.h>

int main(int argc, char** argv)
{
  (void)argv;
#ifndef pthread_create
  return ((int*)(&pthread_create))[argc];
#else
  (void)argc;
  return 0;
#endif
}

Determining if the function pthread_create exists in the pthreads failed with the following output:
Change Dir: /home/wenjing/ros/my_planner_rviz/src/uav_simulator/build/CMakeFiles/CMakeTmp

Run Build Command:"/usr/bin/ninja" "cmTC_78230"
[1/2] Building C object CMakeFiles/cmTC_78230.dir/CheckFunctionExists.c.o
[2/2] Linking C executable cmTC_78230
FAILED: cmTC_78230 
: && /usr/bin/cc -DCHECK_FUNCTION_EXISTS=pthread_create  -rdynamic CMakeFiles/cmTC_78230.dir/CheckFunctionExists.c.o  -o cmTC_78230  -lpthreads && :
/usr/bin/ld: 找不到 -lpthreads
collect2: error: ld returned 1 exit status
ninja: build stopped: subcommand failed.


